{"level":"info","message":"Starting trading bot...","timestamp":"2024-10-04T09:02:58.136Z"}
{"level":"info","message":"Trading bot server running on port 3000","timestamp":"2024-10-04T09:02:58.142Z"}
{"level":"info","message":"Starting trading bot...","timestamp":"2024-10-04T09:29:02.587Z"}
{"level":"info","message":"Trading bot server running on port 3000","timestamp":"2024-10-04T09:29:02.592Z"}
{"level":"info","message":"Starting trading bot...","timestamp":"2024-10-04T09:29:19.195Z"}
{"level":"info","message":"Trading bot server running on port 3000","timestamp":"2024-10-04T09:29:19.200Z"}
{"level":"info","message":"Buying stock at price: 100.10195927846955","timestamp":"2024-10-04T09:30:59.219Z"}
{"level":"info","message":"Selling stock at price: 99.28529108435993, profit: -0.8166681941096243","timestamp":"2024-10-04T09:31:04.222Z"}
{"level":"error","message":"Failed to fetch stock data: read ECONNRESET","timestamp":"2024-10-04T09:31:19.225Z"}
{"level":"error","message":"Error fetching stock data: Could not retrieve stock data.","stack":"Error: Could not retrieve stock data.\n    at TradingBot.<anonymous> (/Users/anandranjan/Desktop/Projects/Assessments/trading-bot/dist/tradingBot.js:49:23)\n    at Generator.throw (<anonymous>)\n    at rejected (/Users/anandranjan/Desktop/Projects/Assessments/trading-bot/dist/tradingBot.js:6:65)\n    at process.processTicksAndRejections (node:internal/process/task_queues:95:5)","timestamp":"2024-10-04T09:31:19.227Z"}
{"level":"error","message":"Failed to fetch stock data: read ECONNRESET","timestamp":"2024-10-04T09:34:19.272Z"}
{"level":"error","message":"Error fetching stock data: Could not retrieve stock data.","stack":"Error: Could not retrieve stock data.\n    at TradingBot.<anonymous> (/Users/anandranjan/Desktop/Projects/Assessments/trading-bot/dist/tradingBot.js:49:23)\n    at Generator.throw (<anonymous>)\n    at rejected (/Users/anandranjan/Desktop/Projects/Assessments/trading-bot/dist/tradingBot.js:6:65)\n    at process.processTicksAndRejections (node:internal/process/task_queues:95:5)","timestamp":"2024-10-04T09:34:19.275Z"}
{"level":"error","message":"Failed to fetch stock data: read ECONNRESET","timestamp":"2024-10-04T09:36:43.887Z"}
{"level":"error","message":"Error fetching stock data: Could not retrieve stock data.","stack":"Error: Could not retrieve stock data.\n    at TradingBot.<anonymous> (/Users/anandranjan/Desktop/Projects/Assessments/trading-bot/dist/tradingBot.js:49:23)\n    at Generator.throw (<anonymous>)\n    at rejected (/Users/anandranjan/Desktop/Projects/Assessments/trading-bot/dist/tradingBot.js:6:65)\n    at process.processTicksAndRejections (node:internal/process/task_queues:95:5)","timestamp":"2024-10-04T09:36:43.889Z"}
{"level":"error","message":"Failed to fetch stock data: read ECONNRESET","timestamp":"2024-10-04T09:42:12.296Z"}
{"level":"error","message":"Error fetching stock data: Could not retrieve stock data.","stack":"Error: Could not retrieve stock data.\n    at TradingBot.<anonymous> (/Users/anandranjan/Desktop/Projects/Assessments/trading-bot/dist/tradingBot.js:49:23)\n    at Generator.throw (<anonymous>)\n    at rejected (/Users/anandranjan/Desktop/Projects/Assessments/trading-bot/dist/tradingBot.js:6:65)\n    at process.processTicksAndRejections (node:internal/process/task_queues:95:5)","timestamp":"2024-10-04T09:42:12.297Z"}
{"level":"error","message":"Failed to fetch stock data: read ECONNRESET","timestamp":"2024-10-04T09:43:14.688Z"}
{"level":"error","message":"Error fetching stock data: Could not retrieve stock data.","stack":"Error: Could not retrieve stock data.\n    at TradingBot.<anonymous> (/Users/anandranjan/Desktop/Projects/Assessments/trading-bot/dist/tradingBot.js:49:23)\n    at Generator.throw (<anonymous>)\n    at rejected (/Users/anandranjan/Desktop/Projects/Assessments/trading-bot/dist/tradingBot.js:6:65)\n    at process.processTicksAndRejections (node:internal/process/task_queues:95:5)","timestamp":"2024-10-04T09:43:14.688Z"}
{"level":"error","message":"Failed to fetch stock data: read ECONNRESET","timestamp":"2024-10-04T09:58:57.795Z"}
{"level":"error","message":"Error fetching stock data: Could not retrieve stock data.","stack":"Error: Could not retrieve stock data.\n    at TradingBot.<anonymous> (/Users/anandranjan/Desktop/Projects/Assessments/trading-bot/dist/tradingBot.js:49:23)\n    at Generator.throw (<anonymous>)\n    at rejected (/Users/anandranjan/Desktop/Projects/Assessments/trading-bot/dist/tradingBot.js:6:65)\n    at process.processTicksAndRejections (node:internal/process/task_queues:95:5)","timestamp":"2024-10-04T09:58:57.796Z"}
{"level":"info","message":"Buying stock at price: 95.20472317581469","timestamp":"2024-10-04T10:09:16.429Z"}
{"level":"info","message":"Selling stock at price: 92.96753619703267, profit: -2.23718697878202","timestamp":"2024-10-04T10:10:21.445Z"}
{"level":"info","message":"Buying stock at price: 90.16121733917807","timestamp":"2024-10-04T10:12:26.473Z"}
{"level":"info","message":"Selling stock at price: 87.95383340990024, profit: -2.2073839292778246","timestamp":"2024-10-04T10:13:11.482Z"}
{"level":"error","message":"Failed to fetch stock data: read ECONNRESET","timestamp":"2024-10-04T10:13:46.491Z"}
{"level":"error","message":"Error fetching stock data: Could not retrieve stock data.","stack":"Error: Could not retrieve stock data.\n    at TradingBot.<anonymous> (/Users/anandranjan/Desktop/Projects/Assessments/trading-bot/dist/tradingBot.js:49:23)\n    at Generator.throw (<anonymous>)\n    at rejected (/Users/anandranjan/Desktop/Projects/Assessments/trading-bot/dist/tradingBot.js:6:65)\n    at process.processTicksAndRejections (node:internal/process/task_queues:95:5)","timestamp":"2024-10-04T10:13:46.491Z"}
{"level":"info","message":"Buying stock at price: 88.55528581811821","timestamp":"2024-10-04T10:14:16.497Z"}
{"level":"info","message":"Selling stock at price: 87.4317796761575, profit: -1.1235061419607035","timestamp":"2024-10-04T10:15:11.509Z"}
{"level":"error","message":"Failed to fetch stock data: read ECONNRESET","timestamp":"2024-10-04T10:15:16.514Z"}
{"level":"error","message":"Error fetching stock data: Could not retrieve stock data.","stack":"Error: Could not retrieve stock data.\n    at TradingBot.<anonymous> (/Users/anandranjan/Desktop/Projects/Assessments/trading-bot/dist/tradingBot.js:49:23)\n    at Generator.throw (<anonymous>)\n    at rejected (/Users/anandranjan/Desktop/Projects/Assessments/trading-bot/dist/tradingBot.js:6:65)\n    at process.processTicksAndRejections (node:internal/process/task_queues:95:5)","timestamp":"2024-10-04T10:15:16.515Z"}
{"level":"error","message":"Failed to fetch stock data: read ECONNRESET","timestamp":"2024-10-04T10:15:51.522Z"}
{"level":"error","message":"Error fetching stock data: Could not retrieve stock data.","stack":"Error: Could not retrieve stock data.\n    at TradingBot.<anonymous> (/Users/anandranjan/Desktop/Projects/Assessments/trading-bot/dist/tradingBot.js:49:23)\n    at Generator.throw (<anonymous>)\n    at rejected (/Users/anandranjan/Desktop/Projects/Assessments/trading-bot/dist/tradingBot.js:6:65)\n    at process.processTicksAndRejections (node:internal/process/task_queues:95:5)","timestamp":"2024-10-04T10:15:51.523Z"}
{"level":"info","message":"Buying stock at price: 89.65071565844373","timestamp":"2024-10-04T10:16:01.525Z"}
{"level":"error","message":"Failed to fetch stock data: read ECONNRESET","timestamp":"2024-10-04T10:16:56.466Z"}
{"level":"error","message":"Error fetching stock data: Could not retrieve stock data.","stack":"Error: Could not retrieve stock data.\n    at TradingBot.<anonymous> (/Users/anandranjan/Desktop/Projects/Assessments/trading-bot/dist/tradingBot.js:49:23)\n    at Generator.throw (<anonymous>)\n    at rejected (/Users/anandranjan/Desktop/Projects/Assessments/trading-bot/dist/tradingBot.js:6:65)\n    at process.processTicksAndRejections (node:internal/process/task_queues:95:5)","timestamp":"2024-10-04T10:16:56.540Z"}
{"level":"info","message":"Selling stock at price: 87.359760561552, profit: -2.290955096891736","timestamp":"2024-10-04T10:17:46.395Z"}
{"level":"error","message":"Failed to fetch stock data: read ECONNRESET","timestamp":"2024-10-04T10:18:01.401Z"}
{"level":"error","message":"Error fetching stock data: Could not retrieve stock data.","stack":"Error: Could not retrieve stock data.\n    at TradingBot.<anonymous> (/Users/anandranjan/Desktop/Projects/Assessments/trading-bot/dist/tradingBot.js:49:23)\n    at Generator.throw (<anonymous>)\n    at rejected (/Users/anandranjan/Desktop/Projects/Assessments/trading-bot/dist/tradingBot.js:6:65)\n    at process.processTicksAndRejections (node:internal/process/task_queues:95:5)","timestamp":"2024-10-04T10:18:01.401Z"}
{"level":"error","message":"Failed to fetch stock data: read ECONNRESET","timestamp":"2024-10-04T10:18:26.411Z"}
{"level":"error","message":"Error fetching stock data: Could not retrieve stock data.","stack":"Error: Could not retrieve stock data.\n    at TradingBot.<anonymous> (/Users/anandranjan/Desktop/Projects/Assessments/trading-bot/dist/tradingBot.js:49:23)\n    at Generator.throw (<anonymous>)\n    at rejected (/Users/anandranjan/Desktop/Projects/Assessments/trading-bot/dist/tradingBot.js:6:65)\n    at process.processTicksAndRejections (node:internal/process/task_queues:95:5)","timestamp":"2024-10-04T10:18:26.411Z"}
{"level":"error","message":"Failed to fetch stock data: read ECONNRESET","timestamp":"2024-10-04T10:18:36.418Z"}
{"level":"error","message":"Error fetching stock data: Could not retrieve stock data.","stack":"Error: Could not retrieve stock data.\n    at TradingBot.<anonymous> (/Users/anandranjan/Desktop/Projects/Assessments/trading-bot/dist/tradingBot.js:49:23)\n    at Generator.throw (<anonymous>)\n    at rejected (/Users/anandranjan/Desktop/Projects/Assessments/trading-bot/dist/tradingBot.js:6:65)\n    at process.processTicksAndRejections (node:internal/process/task_queues:95:5)","timestamp":"2024-10-04T10:18:36.419Z"}
{"level":"error","message":"Failed to fetch stock data: read ECONNRESET","timestamp":"2024-10-04T10:24:24.006Z"}
{"level":"error","message":"Error fetching stock data: Could not retrieve stock data.","stack":"Error: Could not retrieve stock data.\n    at TradingBot.<anonymous> (/Users/anandranjan/Desktop/Projects/Assessments/trading-bot/dist/tradingBot.js:49:23)\n    at Generator.throw (<anonymous>)\n    at rejected (/Users/anandranjan/Desktop/Projects/Assessments/trading-bot/dist/tradingBot.js:6:65)\n    at process.processTicksAndRejections (node:internal/process/task_queues:95:5)","timestamp":"2024-10-04T10:24:24.007Z"}
{"level":"info","message":"Buying stock at price: 86.92452803117463","timestamp":"2024-10-04T10:24:54.018Z"}
{"level":"info","message":"Selling stock at price: 86.16835371371259, profit: -0.7561743174620403","timestamp":"2024-10-04T10:25:04.020Z"}
{"level":"info","message":"Buying stock at price: 87.12047955441591","timestamp":"2024-10-04T10:25:24.024Z"}
{"level":"info","message":"Selling stock at price: 87.28132098236449, profit: 0.1608414279485828","timestamp":"2024-10-04T10:25:49.031Z"}
{"level":"info","message":"Buying stock at price: 87.98667278941087","timestamp":"2024-10-04T10:25:54.030Z"}
{"level":"error","message":"Failed to fetch stock data: read ECONNRESET","timestamp":"2024-10-04T10:26:29.038Z"}
{"level":"error","message":"Error fetching stock data: Could not retrieve stock data.","stack":"Error: Could not retrieve stock data.\n    at TradingBot.<anonymous> (/Users/anandranjan/Desktop/Projects/Assessments/trading-bot/dist/tradingBot.js:49:23)\n    at Generator.throw (<anonymous>)\n    at rejected (/Users/anandranjan/Desktop/Projects/Assessments/trading-bot/dist/tradingBot.js:6:65)\n    at process.processTicksAndRejections (node:internal/process/task_queues:95:5)","timestamp":"2024-10-04T10:26:29.038Z"}
{"level":"info","message":"Selling stock at price: 85.96934684681564, profit: -2.0173259425952352","timestamp":"2024-10-04T10:26:34.039Z"}
{"level":"error","message":"Failed to fetch stock data: read ECONNRESET","timestamp":"2024-10-04T10:26:39.041Z"}
{"level":"error","message":"Error fetching stock data: Could not retrieve stock data.","stack":"Error: Could not retrieve stock data.\n    at TradingBot.<anonymous> (/Users/anandranjan/Desktop/Projects/Assessments/trading-bot/dist/tradingBot.js:49:23)\n    at Generator.throw (<anonymous>)\n    at rejected (/Users/anandranjan/Desktop/Projects/Assessments/trading-bot/dist/tradingBot.js:6:65)\n    at process.processTicksAndRejections (node:internal/process/task_queues:95:5)","timestamp":"2024-10-04T10:26:39.042Z"}
{"level":"error","message":"Failed to fetch stock data: read ECONNRESET","timestamp":"2024-10-04T10:26:59.045Z"}
{"level":"error","message":"Error fetching stock data: Could not retrieve stock data.","stack":"Error: Could not retrieve stock data.\n    at TradingBot.<anonymous> (/Users/anandranjan/Desktop/Projects/Assessments/trading-bot/dist/tradingBot.js:49:23)\n    at Generator.throw (<anonymous>)\n    at rejected (/Users/anandranjan/Desktop/Projects/Assessments/trading-bot/dist/tradingBot.js:6:65)\n    at process.processTicksAndRejections (node:internal/process/task_queues:95:5)","timestamp":"2024-10-04T10:26:59.046Z"}
{"level":"error","message":"Failed to fetch stock data: read ECONNRESET","timestamp":"2024-10-04T10:27:09.048Z"}
{"level":"error","message":"Error fetching stock data: Could not retrieve stock data.","stack":"Error: Could not retrieve stock data.\n    at TradingBot.<anonymous> (/Users/anandranjan/Desktop/Projects/Assessments/trading-bot/dist/tradingBot.js:49:23)\n    at Generator.throw (<anonymous>)\n    at rejected (/Users/anandranjan/Desktop/Projects/Assessments/trading-bot/dist/tradingBot.js:6:65)\n    at process.processTicksAndRejections (node:internal/process/task_queues:95:5)","timestamp":"2024-10-04T10:27:09.048Z"}
{"level":"error","message":"Failed to fetch stock data: read ECONNRESET","timestamp":"2024-10-04T10:27:19.051Z"}
{"level":"error","message":"Error fetching stock data: Could not retrieve stock data.","stack":"Error: Could not retrieve stock data.\n    at TradingBot.<anonymous> (/Users/anandranjan/Desktop/Projects/Assessments/trading-bot/dist/tradingBot.js:49:23)\n    at Generator.throw (<anonymous>)\n    at rejected (/Users/anandranjan/Desktop/Projects/Assessments/trading-bot/dist/tradingBot.js:6:65)\n    at process.processTicksAndRejections (node:internal/process/task_queues:95:5)","timestamp":"2024-10-04T10:27:19.052Z"}
2024-10-04T13:58:46.792Z [info]: Starting trading bot...
2024-10-04T13:58:46.798Z [info]: Trading bot server running on port 3000
2024-10-04T14:00:06.835Z [info]: [32mBuying stock at price: 97.44673625396983[39m
2024-10-04T14:00:44.350Z [info]: [31mSelling stock at price: 98.18612219465648, profit: 0.7393859406866454[39m
2024-10-04T14:00:54.351Z [info]: [32mBuying stock at price: 100.07578253925281[39m
2024-10-04T14:01:27.279Z [error]: Failed to fetch stock data: read ECONNRESET
2024-10-04T14:01:27.280Z [error]: Error fetching stock data: Could not retrieve stock data.
2024-10-04T14:01:49.773Z [info]: [31mSelling stock at price: 99.89015608936622, profit: -0.18562644988659827[39m
2024-10-04T14:02:52.301Z [info]: [32mBuying stock at price: 97.57091212252303[39m
2024-10-04T14:03:09.810Z [info]: [31mSelling stock at price: 96.64484598631618, profit: -0.9260661362068419[39m
2024-10-04T14:03:42.322Z [info]: [32mBuying stock at price: 98.87296658086372[39m
2024-10-04T14:04:04.832Z [info]: [31mSelling stock at price: 96.02769395481349, profit: -2.8452726260502317[39m
2024-10-04T14:04:44.848Z [info]: [32mBuying stock at price: 96.55159694519989[39m
2024-10-04T14:05:02.359Z [info]: [31mSelling stock at price: 94.5091153902537, profit: -2.0424815549461925[39m
2024-10-04T14:05:14.870Z [info]: [32mBuying stock at price: 96.19912161766658[39m
